2024-06-18 14:11:42,154 [Worker-2: Loading available Gradle versions] INFO  o.e.b.c.i.u.g.PublishedGradleVersions - Gradle version information cache is up-to-date. Trying to read.
2024-06-18 14:20:16,473 [Worker-10: Update Maven projects configuration] INFO  o.e.m.c.i.p.ProjectConfigurationManager - Update started
2024-06-18 14:20:21,105 [Worker-10: Update Maven projects configuration] INFO  o.e.m.c.i.l.LifecycleMappingFactory - Using org.eclipse.m2e.jdt.JarLifecycleMapping lifecycle mapping for MavenProject: espe.pac:pac:0.0.1-SNAPSHOT @ D:\Repositorios Espe\Pac\pac\pom.xml.
2024-06-18 14:20:22,953 [Worker-10: Update Maven projects configuration] INFO  o.e.m.c.i.e.AbstractTransferListenerAdapter - Downloading https://repo.maven.apache.org/maven2/org/springframework/boot/spring-boot-starter-security/3.3.0/spring-boot-starter-security-3.3.0.pom
2024-06-18 14:20:22,981 [Worker-10: Update Maven projects configuration] INFO  o.e.m.c.i.e.AbstractTransferListenerAdapter - Downloaded https://repo.maven.apache.org/maven2/org/springframework/boot/spring-boot-starter-security/3.3.0/spring-boot-starter-security-3.3.0.pom
2024-06-18 14:20:23,021 [Worker-10: Update Maven projects configuration] INFO  o.e.m.c.i.e.AbstractTransferListenerAdapter - Downloading https://repo.maven.apache.org/maven2/org/springframework/security/spring-security-config/6.3.0/spring-security-config-6.3.0.pom
2024-06-18 14:20:23,049 [Worker-10: Update Maven projects configuration] INFO  o.e.m.c.i.e.AbstractTransferListenerAdapter - Downloaded https://repo.maven.apache.org/maven2/org/springframework/security/spring-security-config/6.3.0/spring-security-config-6.3.0.pom
2024-06-18 14:20:23,102 [Worker-10: Update Maven projects configuration] INFO  o.e.m.c.i.e.AbstractTransferListenerAdapter - Downloading https://repo.maven.apache.org/maven2/org/springframework/security/spring-security-core/6.3.0/spring-security-core-6.3.0.pom
2024-06-18 14:20:23,122 [Worker-10: Update Maven projects configuration] INFO  o.e.m.c.i.e.AbstractTransferListenerAdapter - Downloaded https://repo.maven.apache.org/maven2/org/springframework/security/spring-security-core/6.3.0/spring-security-core-6.3.0.pom
2024-06-18 14:20:23,171 [Worker-10: Update Maven projects configuration] INFO  o.e.m.c.i.e.AbstractTransferListenerAdapter - Downloading https://repo.maven.apache.org/maven2/org/springframework/security/spring-security-crypto/6.3.0/spring-security-crypto-6.3.0.pom
2024-06-18 14:20:23,181 [Worker-10: Update Maven projects configuration] INFO  o.e.m.c.i.e.AbstractTransferListenerAdapter - Downloaded https://repo.maven.apache.org/maven2/org/springframework/security/spring-security-crypto/6.3.0/spring-security-crypto-6.3.0.pom
2024-06-18 14:20:23,223 [Worker-10: Update Maven projects configuration] INFO  o.e.m.c.i.e.AbstractTransferListenerAdapter - Downloading https://repo.maven.apache.org/maven2/org/springframework/security/spring-security-web/6.3.0/spring-security-web-6.3.0.pom
2024-06-18 14:20:23,249 [Worker-10: Update Maven projects configuration] INFO  o.e.m.c.i.e.AbstractTransferListenerAdapter - Downloaded https://repo.maven.apache.org/maven2/org/springframework/security/spring-security-web/6.3.0/spring-security-web-6.3.0.pom
2024-06-18 14:20:24,045 [Worker-10: Update Maven projects configuration] INFO  o.e.m.c.i.e.AbstractTransferListenerAdapter - Downloading https://repo.maven.apache.org/maven2/org/springframework/security/spring-security-test/6.3.0/spring-security-test-6.3.0.pom
2024-06-18 14:20:24,072 [Worker-10: Update Maven projects configuration] INFO  o.e.m.c.i.e.AbstractTransferListenerAdapter - Downloaded https://repo.maven.apache.org/maven2/org/springframework/security/spring-security-test/6.3.0/spring-security-test-6.3.0.pom
2024-06-18 14:20:24,450 [Worker-10: Update Maven projects configuration] INFO  o.e.m.c.i.e.AbstractTransferListenerAdapter - Downloading https://repo.maven.apache.org/maven2/org/springframework/boot/spring-boot-starter-security/3.3.0/spring-boot-starter-security-3.3.0.jar
2024-06-18 14:20:24,471 [Worker-10: Update Maven projects configuration] INFO  o.e.m.c.i.e.AbstractTransferListenerAdapter - Downloaded https://repo.maven.apache.org/maven2/org/springframework/boot/spring-boot-starter-security/3.3.0/spring-boot-starter-security-3.3.0.jar
2024-06-18 14:20:24,508 [BasicRepositoryConnector-repo.maven.apache.org-0-2] INFO  o.e.m.c.i.e.AbstractTransferListenerAdapter - Downloading https://repo.maven.apache.org/maven2/org/springframework/security/spring-security-test/6.3.0/spring-security-test-6.3.0.jar
2024-06-18 14:20:24,576 [BasicRepositoryConnector-repo.maven.apache.org-0-1] INFO  o.e.m.c.i.e.AbstractTransferListenerAdapter - Downloading https://repo.maven.apache.org/maven2/org/springframework/security/spring-security-web/6.3.0/spring-security-web-6.3.0.jar
2024-06-18 14:20:24,576 [BasicRepositoryConnector-repo.maven.apache.org-0-0] INFO  o.e.m.c.i.e.AbstractTransferListenerAdapter - Downloading https://repo.maven.apache.org/maven2/org/springframework/security/spring-security-config/6.3.0/spring-security-config-6.3.0.jar
2024-06-18 14:20:24,576 [BasicRepositoryConnector-repo.maven.apache.org-0-4] INFO  o.e.m.c.i.e.AbstractTransferListenerAdapter - Downloading https://repo.maven.apache.org/maven2/org/springframework/security/spring-security-crypto/6.3.0/spring-security-crypto-6.3.0.jar
2024-06-18 14:20:24,589 [BasicRepositoryConnector-repo.maven.apache.org-0-2] INFO  o.e.m.c.i.e.AbstractTransferListenerAdapter - Downloaded https://repo.maven.apache.org/maven2/org/springframework/security/spring-security-test/6.3.0/spring-security-test-6.3.0.jar
2024-06-18 14:20:24,607 [BasicRepositoryConnector-repo.maven.apache.org-0-3] INFO  o.e.m.c.i.e.AbstractTransferListenerAdapter - Downloading https://repo.maven.apache.org/maven2/org/springframework/security/spring-security-core/6.3.0/spring-security-core-6.3.0.jar
2024-06-18 14:20:24,756 [BasicRepositoryConnector-repo.maven.apache.org-0-4] INFO  o.e.m.c.i.e.AbstractTransferListenerAdapter - Downloaded https://repo.maven.apache.org/maven2/org/springframework/security/spring-security-crypto/6.3.0/spring-security-crypto-6.3.0.jar
2024-06-18 14:20:25,340 [BasicRepositoryConnector-repo.maven.apache.org-0-3] INFO  o.e.m.c.i.e.AbstractTransferListenerAdapter - Downloaded https://repo.maven.apache.org/maven2/org/springframework/security/spring-security-core/6.3.0/spring-security-core-6.3.0.jar
2024-06-18 14:20:25,430 [BasicRepositoryConnector-repo.maven.apache.org-0-1] INFO  o.e.m.c.i.e.AbstractTransferListenerAdapter - Downloaded https://repo.maven.apache.org/maven2/org/springframework/security/spring-security-web/6.3.0/spring-security-web-6.3.0.jar
2024-06-18 14:20:25,945 [BasicRepositoryConnector-repo.maven.apache.org-0-0] INFO  o.e.m.c.i.e.AbstractTransferListenerAdapter - Downloaded https://repo.maven.apache.org/maven2/org/springframework/security/spring-security-config/6.3.0/spring-security-config-6.3.0.jar
2024-06-18 14:20:27,852 [Worker-9: Building] INFO  o.a.m.s.f.DefaultMavenResourcesFiltering - Copying 1 resource from src\main\resources to target\classes
2024-06-18 14:20:27,884 [Worker-9: Building] INFO  o.a.m.s.f.DefaultMavenResourcesFiltering - Copying 0 resource from src\main\resources to target\classes
2024-06-18 14:20:27,891 [Worker-9: Building] INFO  o.a.m.s.f.DefaultMavenResourcesFiltering - skip non existing resourceDirectory D:\Repositorios Espe\Pac\pac\src\test\resources
2024-06-18 14:20:28,380 [Worker-0: Download sources and javadoc] INFO  o.e.m.c.i.e.AbstractTransferListenerAdapter - Downloading https://repo.maven.apache.org/maven2/org/springframework/boot/spring-boot-starter-security/3.3.0/spring-boot-starter-security-3.3.0-sources.jar
2024-06-18 14:20:28,403 [Worker-0: Download sources and javadoc] INFO  o.e.m.c.i.e.AbstractTransferListenerAdapter - Downloaded https://repo.maven.apache.org/maven2/org/springframework/boot/spring-boot-starter-security/3.3.0/spring-boot-starter-security-3.3.0-sources.jar
2024-06-18 14:20:28,414 [Worker-0: Download sources and javadoc] INFO  o.e.m.j.internal.DownloadSourcesJob - Downloaded sources for org.springframework.boot:spring-boot-starter-security:3.3.0
2024-06-18 14:20:28,495 [Worker-0: Download sources and javadoc] INFO  o.e.m.c.i.e.AbstractTransferListenerAdapter - Downloading https://repo.maven.apache.org/maven2/org/springframework/security/spring-security-config/6.3.0/spring-security-config-6.3.0-sources.jar
2024-06-18 14:20:28,765 [Worker-10: Update Maven projects configuration] INFO  o.e.m.j.i.AbstractJavaProjectConfigurator - Adding source folder /pac/src/main/java
2024-06-18 14:20:28,768 [Worker-10: Update Maven projects configuration] INFO  o.e.m.j.i.AbstractJavaProjectConfigurator - Adding resource folder /pac/src/main/resources
2024-06-18 14:20:28,777 [Worker-10: Update Maven projects configuration] INFO  o.e.m.j.i.AbstractJavaProjectConfigurator - Adding resource folder /pac/src/main/resources
2024-06-18 14:20:28,789 [Worker-10: Update Maven projects configuration] INFO  o.e.m.j.i.AbstractJavaProjectConfigurator - Adding source folder /pac/src/test/java
2024-06-18 14:20:28,790 [Worker-10: Update Maven projects configuration] INFO  o.e.m.j.i.AbstractJavaProjectConfigurator - Adding resource folder /pac/src/test/resources
2024-06-18 14:20:29,034 [Worker-0: Download sources and javadoc] INFO  o.e.m.c.i.e.AbstractTransferListenerAdapter - Downloaded https://repo.maven.apache.org/maven2/org/springframework/security/spring-security-config/6.3.0/spring-security-config-6.3.0-sources.jar
2024-06-18 14:20:29,063 [Worker-0: Download sources and javadoc] INFO  o.e.m.j.internal.DownloadSourcesJob - Downloaded sources for org.springframework.security:spring-security-config:6.3.0
2024-06-18 14:20:29,149 [Worker-0: Download sources and javadoc] INFO  o.e.m.c.i.e.AbstractTransferListenerAdapter - Downloading https://repo.maven.apache.org/maven2/org/springframework/security/spring-security-web/6.3.0/spring-security-web-6.3.0-sources.jar
2024-06-18 14:20:29,427 [Worker-0: Download sources and javadoc] INFO  o.e.m.c.i.e.AbstractTransferListenerAdapter - Downloaded https://repo.maven.apache.org/maven2/org/springframework/security/spring-security-web/6.3.0/spring-security-web-6.3.0-sources.jar
2024-06-18 14:20:29,437 [Worker-0: Download sources and javadoc] INFO  o.e.m.j.internal.DownloadSourcesJob - Downloaded sources for org.springframework.security:spring-security-web:6.3.0
2024-06-18 14:20:29,523 [Worker-0: Download sources and javadoc] INFO  o.e.m.c.i.e.AbstractTransferListenerAdapter - Downloading https://repo.maven.apache.org/maven2/org/springframework/security/spring-security-test/6.3.0/spring-security-test-6.3.0-sources.jar
2024-06-18 14:20:29,750 [Worker-0: Download sources and javadoc] INFO  o.e.m.c.i.e.AbstractTransferListenerAdapter - Downloaded https://repo.maven.apache.org/maven2/org/springframework/security/spring-security-test/6.3.0/spring-security-test-6.3.0-sources.jar
2024-06-18 14:20:29,762 [Worker-0: Download sources and javadoc] INFO  o.e.m.j.internal.DownloadSourcesJob - Downloaded sources for org.springframework.security:spring-security-test:6.3.0
2024-06-18 14:20:29,840 [Worker-0: Download sources and javadoc] INFO  o.e.m.c.i.e.AbstractTransferListenerAdapter - Downloading https://repo.maven.apache.org/maven2/org/springframework/security/spring-security-core/6.3.0/spring-security-core-6.3.0-sources.jar
2024-06-18 14:20:30,056 [Worker-0: Download sources and javadoc] INFO  o.e.m.c.i.e.AbstractTransferListenerAdapter - Downloaded https://repo.maven.apache.org/maven2/org/springframework/security/spring-security-core/6.3.0/spring-security-core-6.3.0-sources.jar
2024-06-18 14:20:30,064 [Worker-0: Download sources and javadoc] INFO  o.e.m.j.internal.DownloadSourcesJob - Downloaded sources for org.springframework.security:spring-security-core:6.3.0
2024-06-18 14:20:30,158 [Worker-0: Download sources and javadoc] INFO  o.e.m.c.i.e.AbstractTransferListenerAdapter - Downloading https://repo.maven.apache.org/maven2/org/springframework/security/spring-security-crypto/6.3.0/spring-security-crypto-6.3.0-sources.jar
2024-06-18 14:20:30,197 [Worker-0: Download sources and javadoc] INFO  o.e.m.c.i.e.AbstractTransferListenerAdapter - Downloaded https://repo.maven.apache.org/maven2/org/springframework/security/spring-security-crypto/6.3.0/spring-security-crypto-6.3.0-sources.jar
2024-06-18 14:20:30,206 [Worker-0: Download sources and javadoc] INFO  o.e.m.j.internal.DownloadSourcesJob - Downloaded sources for org.springframework.security:spring-security-crypto:6.3.0
2024-06-18 14:20:32,280 [Worker-10: Update Maven projects configuration] INFO  o.e.m.c.i.p.ProjectConfigurationManager - Update completed for 1 poms: local refresh takes 0,00 sec, refresh facades takes 10,00 sec, update config takes 4,00 sec 
2024-06-18 14:20:32,770 [Worker-10: Building] INFO  o.a.m.s.f.DefaultMavenResourcesFiltering - Copying 1 resource from src\main\resources to target\classes
2024-06-18 14:20:32,771 [Worker-10: Building] INFO  o.a.m.s.f.DefaultMavenResourcesFiltering - Copying 0 resource from src\main\resources to target\classes
2024-06-18 14:20:32,774 [Worker-10: Building] INFO  o.a.m.s.f.DefaultMavenResourcesFiltering - skip non existing resourceDirectory D:\Repositorios Espe\Pac\pac\src\test\resources
2024-06-18 14:28:33,626 [Worker-16: Building] INFO  o.a.m.s.f.DefaultMavenResourcesFiltering - Copying 1 resource from src\main\resources to target\classes
2024-06-18 14:28:33,839 [Worker-16: Building] INFO  o.a.m.s.f.DefaultMavenResourcesFiltering - Copying 0 resource from src\main\resources to target\classes
2024-06-18 14:28:33,852 [Worker-16: Building] INFO  o.a.m.s.f.DefaultMavenResourcesFiltering - skip non existing resourceDirectory D:\Repositorios Espe\Pac\pac\src\test\resources
2024-06-18 14:31:27,331 [Worker-18: Building] INFO  o.a.m.s.f.DefaultMavenResourcesFiltering - Copying 1 resource from src\main\resources to target\classes
2024-06-18 14:31:27,443 [Worker-18: Building] INFO  o.a.m.s.f.DefaultMavenResourcesFiltering - Copying 0 resource from src\main\resources to target\classes
2024-06-18 14:31:27,452 [Worker-18: Building] INFO  o.a.m.s.f.DefaultMavenResourcesFiltering - skip non existing resourceDirectory D:\Repositorios Espe\Pac\pac\src\test\resources
2024-06-18 14:31:39,546 [Worker-17: Building] INFO  o.a.m.s.f.DefaultMavenResourcesFiltering - Copying 1 resource from src\main\resources to target\classes
2024-06-18 14:31:39,681 [Worker-17: Building] INFO  o.a.m.s.f.DefaultMavenResourcesFiltering - Copying 0 resource from src\main\resources to target\classes
2024-06-18 14:31:39,692 [Worker-17: Building] INFO  o.a.m.s.f.DefaultMavenResourcesFiltering - skip non existing resourceDirectory D:\Repositorios Espe\Pac\pac\src\test\resources
2024-06-18 14:32:15,101 [Worker-13: Building] INFO  o.a.m.s.f.DefaultMavenResourcesFiltering - Copying 1 resource from src\main\resources to target\classes
2024-06-18 14:32:15,162 [Worker-13: Building] INFO  o.a.m.s.f.DefaultMavenResourcesFiltering - Copying 0 resource from src\main\resources to target\classes
2024-06-18 14:32:15,171 [Worker-13: Building] INFO  o.a.m.s.f.DefaultMavenResourcesFiltering - skip non existing resourceDirectory D:\Repositorios Espe\Pac\pac\src\test\resources
2024-06-18 14:32:22,212 [Worker-13: Launching Executing install in D__Repositorios Espe_Pac_pac] INFO  o.eclipse.m2e.core.internal.Bundles - getClasspathEntries(Bundle=org.eclipse.m2e.maven.runtime_3.9.700.20240602-2313 [359])
2024-06-18 14:32:22,217 [Worker-13: Launching Executing install in D__Repositorios Espe_Pac_pac] INFO  o.eclipse.m2e.core.internal.Bundles - 	Entry: C:\Users\Geovanny\Downloads\sts-4.23.1.RELEASE\plugins\org.eclipse.m2e.maven.runtime_3.9.700.20240602-2313
2024-06-18 14:32:22,218 [Worker-13: Launching Executing install in D__Repositorios Espe_Pac_pac] INFO  o.eclipse.m2e.core.internal.Bundles - 	Entry: C:\Users\Geovanny\Downloads\sts-4.23.1.RELEASE\plugins\org.eclipse.m2e.maven.runtime_3.9.700.20240602-2313\jars\aopalliance-1.0.jar
2024-06-18 14:32:22,218 [Worker-13: Launching Executing install in D__Repositorios Espe_Pac_pac] INFO  o.eclipse.m2e.core.internal.Bundles - 	Entry: C:\Users\Geovanny\Downloads\sts-4.23.1.RELEASE\plugins\org.eclipse.m2e.maven.runtime_3.9.700.20240602-2313\jars\guice-5.1.0.jar
2024-06-18 14:32:22,218 [Worker-13: Launching Executing install in D__Repositorios Espe_Pac_pac] INFO  o.eclipse.m2e.core.internal.Bundles - 	Entry: C:\Users\Geovanny\Downloads\sts-4.23.1.RELEASE\plugins\org.eclipse.m2e.maven.runtime_3.9.700.20240602-2313\jars\httpclient-4.5.14.jar
2024-06-18 14:32:22,219 [Worker-13: Launching Executing install in D__Repositorios Espe_Pac_pac] INFO  o.eclipse.m2e.core.internal.Bundles - 	Entry: C:\Users\Geovanny\Downloads\sts-4.23.1.RELEASE\plugins\org.eclipse.m2e.maven.runtime_3.9.700.20240602-2313\jars\httpcore-4.4.16.jar
2024-06-18 14:32:22,220 [Worker-13: Launching Executing install in D__Repositorios Espe_Pac_pac] INFO  o.eclipse.m2e.core.internal.Bundles - 	Entry: C:\Users\Geovanny\Downloads\sts-4.23.1.RELEASE\plugins\org.eclipse.m2e.maven.runtime_3.9.700.20240602-2313\jars\jansi-2.4.1.jar
2024-06-18 14:32:22,220 [Worker-13: Launching Executing install in D__Repositorios Espe_Pac_pac] INFO  o.eclipse.m2e.core.internal.Bundles - 	Entry: C:\Users\Geovanny\Downloads\sts-4.23.1.RELEASE\plugins\org.eclipse.m2e.maven.runtime_3.9.700.20240602-2313\jars\jcl-over-slf4j-1.7.36.jar
2024-06-18 14:32:22,220 [Worker-13: Launching Executing install in D__Repositorios Espe_Pac_pac] INFO  o.eclipse.m2e.core.internal.Bundles - 	Entry: C:\Users\Geovanny\Downloads\sts-4.23.1.RELEASE\plugins\org.eclipse.m2e.maven.runtime_3.9.700.20240602-2313\jars\maven-artifact-3.9.7.jar
2024-06-18 14:32:22,220 [Worker-13: Launching Executing install in D__Repositorios Espe_Pac_pac] INFO  o.eclipse.m2e.core.internal.Bundles - 	Entry: C:\Users\Geovanny\Downloads\sts-4.23.1.RELEASE\plugins\org.eclipse.m2e.maven.runtime_3.9.700.20240602-2313\jars\maven-builder-support-3.9.7.jar
2024-06-18 14:32:22,220 [Worker-13: Launching Executing install in D__Repositorios Espe_Pac_pac] INFO  o.eclipse.m2e.core.internal.Bundles - 	Entry: C:\Users\Geovanny\Downloads\sts-4.23.1.RELEASE\plugins\org.eclipse.m2e.maven.runtime_3.9.700.20240602-2313\jars\maven-compat-3.9.7.jar
2024-06-18 14:32:22,220 [Worker-13: Launching Executing install in D__Repositorios Espe_Pac_pac] INFO  o.eclipse.m2e.core.internal.Bundles - 	Entry: C:\Users\Geovanny\Downloads\sts-4.23.1.RELEASE\plugins\org.eclipse.m2e.maven.runtime_3.9.700.20240602-2313\jars\maven-core-3.9.7.jar
2024-06-18 14:32:22,221 [Worker-13: Launching Executing install in D__Repositorios Espe_Pac_pac] INFO  o.eclipse.m2e.core.internal.Bundles - 	Entry: C:\Users\Geovanny\Downloads\sts-4.23.1.RELEASE\plugins\org.eclipse.m2e.maven.runtime_3.9.700.20240602-2313\jars\maven-embedder-3.9.7.jar
2024-06-18 14:32:22,222 [Worker-13: Launching Executing install in D__Repositorios Espe_Pac_pac] INFO  o.eclipse.m2e.core.internal.Bundles - 	Entry: C:\Users\Geovanny\Downloads\sts-4.23.1.RELEASE\plugins\org.eclipse.m2e.maven.runtime_3.9.700.20240602-2313\jars\maven-model-3.9.7.jar
2024-06-18 14:32:22,222 [Worker-13: Launching Executing install in D__Repositorios Espe_Pac_pac] INFO  o.eclipse.m2e.core.internal.Bundles - 	Entry: C:\Users\Geovanny\Downloads\sts-4.23.1.RELEASE\plugins\org.eclipse.m2e.maven.runtime_3.9.700.20240602-2313\jars\maven-model-builder-3.9.7.jar
2024-06-18 14:32:22,224 [Worker-13: Launching Executing install in D__Repositorios Espe_Pac_pac] INFO  o.eclipse.m2e.core.internal.Bundles - 	Entry: C:\Users\Geovanny\Downloads\sts-4.23.1.RELEASE\plugins\org.eclipse.m2e.maven.runtime_3.9.700.20240602-2313\jars\maven-plugin-api-3.9.7.jar
2024-06-18 14:32:22,225 [Worker-13: Launching Executing install in D__Repositorios Espe_Pac_pac] INFO  o.eclipse.m2e.core.internal.Bundles - 	Entry: C:\Users\Geovanny\Downloads\sts-4.23.1.RELEASE\plugins\org.eclipse.m2e.maven.runtime_3.9.700.20240602-2313\jars\maven-repository-metadata-3.9.7.jar
2024-06-18 14:32:22,226 [Worker-13: Launching Executing install in D__Repositorios Espe_Pac_pac] INFO  o.eclipse.m2e.core.internal.Bundles - 	Entry: C:\Users\Geovanny\Downloads\sts-4.23.1.RELEASE\plugins\org.eclipse.m2e.maven.runtime_3.9.700.20240602-2313\jars\maven-resolver-api-1.9.20.jar
2024-06-18 14:32:22,227 [Worker-13: Launching Executing install in D__Repositorios Espe_Pac_pac] INFO  o.eclipse.m2e.core.internal.Bundles - 	Entry: C:\Users\Geovanny\Downloads\sts-4.23.1.RELEASE\plugins\org.eclipse.m2e.maven.runtime_3.9.700.20240602-2313\jars\maven-resolver-connector-basic-1.9.20.jar
2024-06-18 14:32:22,228 [Worker-13: Launching Executing install in D__Repositorios Espe_Pac_pac] INFO  o.eclipse.m2e.core.internal.Bundles - 	Entry: C:\Users\Geovanny\Downloads\sts-4.23.1.RELEASE\plugins\org.eclipse.m2e.maven.runtime_3.9.700.20240602-2313\jars\maven-resolver-impl-1.9.20.jar
2024-06-18 14:32:22,228 [Worker-13: Launching Executing install in D__Repositorios Espe_Pac_pac] INFO  o.eclipse.m2e.core.internal.Bundles - 	Entry: C:\Users\Geovanny\Downloads\sts-4.23.1.RELEASE\plugins\org.eclipse.m2e.maven.runtime_3.9.700.20240602-2313\jars\maven-resolver-named-locks-1.9.20.jar
2024-06-18 14:32:22,229 [Worker-13: Launching Executing install in D__Repositorios Espe_Pac_pac] INFO  o.eclipse.m2e.core.internal.Bundles - 	Entry: C:\Users\Geovanny\Downloads\sts-4.23.1.RELEASE\plugins\org.eclipse.m2e.maven.runtime_3.9.700.20240602-2313\jars\maven-resolver-provider-3.9.7.jar
2024-06-18 14:32:22,229 [Worker-13: Launching Executing install in D__Repositorios Espe_Pac_pac] INFO  o.eclipse.m2e.core.internal.Bundles - 	Entry: C:\Users\Geovanny\Downloads\sts-4.23.1.RELEASE\plugins\org.eclipse.m2e.maven.runtime_3.9.700.20240602-2313\jars\maven-resolver-spi-1.9.20.jar
2024-06-18 14:32:22,230 [Worker-13: Launching Executing install in D__Repositorios Espe_Pac_pac] INFO  o.eclipse.m2e.core.internal.Bundles - 	Entry: C:\Users\Geovanny\Downloads\sts-4.23.1.RELEASE\plugins\org.eclipse.m2e.maven.runtime_3.9.700.20240602-2313\jars\maven-resolver-transport-file-1.9.20.jar
2024-06-18 14:32:22,231 [Worker-13: Launching Executing install in D__Repositorios Espe_Pac_pac] INFO  o.eclipse.m2e.core.internal.Bundles - 	Entry: C:\Users\Geovanny\Downloads\sts-4.23.1.RELEASE\plugins\org.eclipse.m2e.maven.runtime_3.9.700.20240602-2313\jars\maven-resolver-transport-http-1.9.20.jar
2024-06-18 14:32:22,231 [Worker-13: Launching Executing install in D__Repositorios Espe_Pac_pac] INFO  o.eclipse.m2e.core.internal.Bundles - 	Entry: C:\Users\Geovanny\Downloads\sts-4.23.1.RELEASE\plugins\org.eclipse.m2e.maven.runtime_3.9.700.20240602-2313\jars\maven-resolver-transport-wagon-1.9.20.jar
2024-06-18 14:32:22,232 [Worker-13: Launching Executing install in D__Repositorios Espe_Pac_pac] INFO  o.eclipse.m2e.core.internal.Bundles - 	Entry: C:\Users\Geovanny\Downloads\sts-4.23.1.RELEASE\plugins\org.eclipse.m2e.maven.runtime_3.9.700.20240602-2313\jars\maven-resolver-util-1.9.20.jar
2024-06-18 14:32:22,234 [Worker-13: Launching Executing install in D__Repositorios Espe_Pac_pac] INFO  o.eclipse.m2e.core.internal.Bundles - 	Entry: C:\Users\Geovanny\Downloads\sts-4.23.1.RELEASE\plugins\org.eclipse.m2e.maven.runtime_3.9.700.20240602-2313\jars\maven-settings-3.9.7.jar
2024-06-18 14:32:22,235 [Worker-13: Launching Executing install in D__Repositorios Espe_Pac_pac] INFO  o.eclipse.m2e.core.internal.Bundles - 	Entry: C:\Users\Geovanny\Downloads\sts-4.23.1.RELEASE\plugins\org.eclipse.m2e.maven.runtime_3.9.700.20240602-2313\jars\maven-settings-builder-3.9.7.jar
2024-06-18 14:32:22,236 [Worker-13: Launching Executing install in D__Repositorios Espe_Pac_pac] INFO  o.eclipse.m2e.core.internal.Bundles - 	Entry: C:\Users\Geovanny\Downloads\sts-4.23.1.RELEASE\plugins\org.eclipse.m2e.maven.runtime_3.9.700.20240602-2313\jars\maven-shared-utils-3.4.2.jar
2024-06-18 14:32:22,236 [Worker-13: Launching Executing install in D__Repositorios Espe_Pac_pac] INFO  o.eclipse.m2e.core.internal.Bundles - 	Entry: C:\Users\Geovanny\Downloads\sts-4.23.1.RELEASE\plugins\org.eclipse.m2e.maven.runtime_3.9.700.20240602-2313\jars\org.eclipse.sisu.inject-0.9.0.M2.jar
2024-06-18 14:32:22,237 [Worker-13: Launching Executing install in D__Repositorios Espe_Pac_pac] INFO  o.eclipse.m2e.core.internal.Bundles - 	Entry: C:\Users\Geovanny\Downloads\sts-4.23.1.RELEASE\plugins\org.eclipse.m2e.maven.runtime_3.9.700.20240602-2313\jars\org.eclipse.sisu.plexus-0.9.0.M2.jar
2024-06-18 14:32:22,237 [Worker-13: Launching Executing install in D__Repositorios Espe_Pac_pac] INFO  o.eclipse.m2e.core.internal.Bundles - 	Entry: C:\Users\Geovanny\Downloads\sts-4.23.1.RELEASE\plugins\org.eclipse.m2e.maven.runtime_3.9.700.20240602-2313\jars\plexus-build-api-0.0.7.jar
2024-06-18 14:32:22,238 [Worker-13: Launching Executing install in D__Repositorios Espe_Pac_pac] INFO  o.eclipse.m2e.core.internal.Bundles - 	Entry: C:\Users\Geovanny\Downloads\sts-4.23.1.RELEASE\plugins\org.eclipse.m2e.maven.runtime_3.9.700.20240602-2313\jars\plexus-build-api-1.2.0.jar
2024-06-18 14:32:22,238 [Worker-13: Launching Executing install in D__Repositorios Espe_Pac_pac] INFO  o.eclipse.m2e.core.internal.Bundles - 	Entry: C:\Users\Geovanny\Downloads\sts-4.23.1.RELEASE\plugins\org.eclipse.m2e.maven.runtime_3.9.700.20240602-2313\jars\plexus-cipher-2.0.jar
2024-06-18 14:32:22,239 [Worker-13: Launching Executing install in D__Repositorios Espe_Pac_pac] INFO  o.eclipse.m2e.core.internal.Bundles - 	Entry: C:\Users\Geovanny\Downloads\sts-4.23.1.RELEASE\plugins\org.eclipse.m2e.maven.runtime_3.9.700.20240602-2313\jars\plexus-classworlds-2.8.0.jar
2024-06-18 14:32:22,239 [Worker-13: Launching Executing install in D__Repositorios Espe_Pac_pac] INFO  o.eclipse.m2e.core.internal.Bundles - 	Entry: C:\Users\Geovanny\Downloads\sts-4.23.1.RELEASE\plugins\org.eclipse.m2e.maven.runtime_3.9.700.20240602-2313\jars\plexus-component-annotations-2.1.0.jar
2024-06-18 14:32:22,240 [Worker-13: Launching Executing install in D__Repositorios Espe_Pac_pac] INFO  o.eclipse.m2e.core.internal.Bundles - 	Entry: C:\Users\Geovanny\Downloads\sts-4.23.1.RELEASE\plugins\org.eclipse.m2e.maven.runtime_3.9.700.20240602-2313\jars\plexus-interpolation-1.27.jar
2024-06-18 14:32:22,240 [Worker-13: Launching Executing install in D__Repositorios Espe_Pac_pac] INFO  o.eclipse.m2e.core.internal.Bundles - 	Entry: C:\Users\Geovanny\Downloads\sts-4.23.1.RELEASE\plugins\org.eclipse.m2e.maven.runtime_3.9.700.20240602-2313\jars\plexus-sec-dispatcher-2.0.jar
2024-06-18 14:32:22,240 [Worker-13: Launching Executing install in D__Repositorios Espe_Pac_pac] INFO  o.eclipse.m2e.core.internal.Bundles - 	Entry: C:\Users\Geovanny\Downloads\sts-4.23.1.RELEASE\plugins\org.eclipse.m2e.maven.runtime_3.9.700.20240602-2313\jars\plexus-utils-3.5.1.jar
2024-06-18 14:32:22,241 [Worker-13: Launching Executing install in D__Repositorios Espe_Pac_pac] INFO  o.eclipse.m2e.core.internal.Bundles - 	Entry: C:\Users\Geovanny\Downloads\sts-4.23.1.RELEASE\plugins\org.eclipse.m2e.maven.runtime_3.9.700.20240602-2313\jars\wagon-file-3.5.3.jar
2024-06-18 14:32:22,242 [Worker-13: Launching Executing install in D__Repositorios Espe_Pac_pac] INFO  o.eclipse.m2e.core.internal.Bundles - 	Entry: C:\Users\Geovanny\Downloads\sts-4.23.1.RELEASE\plugins\org.eclipse.m2e.maven.runtime_3.9.700.20240602-2313\jars\wagon-http-3.5.3.jar
2024-06-18 14:32:22,242 [Worker-13: Launching Executing install in D__Repositorios Espe_Pac_pac] INFO  o.eclipse.m2e.core.internal.Bundles - 	Entry: C:\Users\Geovanny\Downloads\sts-4.23.1.RELEASE\plugins\org.eclipse.m2e.maven.runtime_3.9.700.20240602-2313\jars\wagon-http-shared-3.5.3.jar
2024-06-18 14:32:22,242 [Worker-13: Launching Executing install in D__Repositorios Espe_Pac_pac] INFO  o.eclipse.m2e.core.internal.Bundles - 	Entry: C:\Users\Geovanny\Downloads\sts-4.23.1.RELEASE\plugins\org.eclipse.m2e.maven.runtime_3.9.700.20240602-2313\jars\wagon-provider-api-3.5.3.jar
2024-06-18 14:32:22,246 [Worker-13: Launching Executing install in D__Repositorios Espe_Pac_pac] INFO  o.eclipse.m2e.core.internal.Bundles - getClasspathEntries(Bundle=com.google.guava_33.2.0.jre [29])
2024-06-18 14:32:22,247 [Worker-13: Launching Executing install in D__Repositorios Espe_Pac_pac] INFO  o.eclipse.m2e.core.internal.Bundles - 	Entry: C:\Users\Geovanny\Downloads\sts-4.23.1.RELEASE\plugins\com.google.guava_33.2.0.jre.jar
2024-06-18 14:32:22,247 [Worker-13: Launching Executing install in D__Repositorios Espe_Pac_pac] INFO  o.eclipse.m2e.core.internal.Bundles - getClasspathEntries(Bundle=slf4j.api_2.0.13 [592])
2024-06-18 14:32:22,248 [Worker-13: Launching Executing install in D__Repositorios Espe_Pac_pac] INFO  o.eclipse.m2e.core.internal.Bundles - 	Entry: C:\Users\Geovanny\Downloads\sts-4.23.1.RELEASE\plugins\slf4j.api_2.0.13.jar
2024-06-18 14:32:22,248 [Worker-13: Launching Executing install in D__Repositorios Espe_Pac_pac] INFO  o.eclipse.m2e.core.internal.Bundles - getClasspathEntries(Bundle=jakarta.inject.jakarta.inject-api_1.0.5 [44])
2024-06-18 14:32:22,249 [Worker-13: Launching Executing install in D__Repositorios Espe_Pac_pac] INFO  o.eclipse.m2e.core.internal.Bundles - 	Entry: C:\Users\Geovanny\Downloads\sts-4.23.1.RELEASE\plugins\jakarta.inject.jakarta.inject-api_1.0.5.jar
2024-06-18 14:32:22,249 [Worker-13: Launching Executing install in D__Repositorios Espe_Pac_pac] INFO  o.eclipse.m2e.core.internal.Bundles - getClasspathEntries(Bundle=javax.annotation_1.3.5.v20200909-1856 [53])
2024-06-18 14:32:22,250 [Worker-13: Launching Executing install in D__Repositorios Espe_Pac_pac] INFO  o.eclipse.m2e.core.internal.Bundles - 	Entry: C:\Users\Geovanny\Downloads\sts-4.23.1.RELEASE\plugins\javax.annotation_1.3.5.v20200909-1856.jar
2024-06-18 14:32:22,250 [Worker-13: Launching Executing install in D__Repositorios Espe_Pac_pac] INFO  o.eclipse.m2e.core.internal.Bundles - getClasspathEntries(Bundle=org.apache.commons.cli_1.8.0 [76])
2024-06-18 14:32:22,250 [Worker-13: Launching Executing install in D__Repositorios Espe_Pac_pac] INFO  o.eclipse.m2e.core.internal.Bundles - 	Entry: C:\Users\Geovanny\Downloads\sts-4.23.1.RELEASE\plugins\org.apache.commons.cli_1.8.0.jar
2024-06-18 14:32:22,250 [Worker-13: Launching Executing install in D__Repositorios Espe_Pac_pac] INFO  o.eclipse.m2e.core.internal.Bundles - getClasspathEntries(Bundle=org.apache.commons.commons-codec_1.16.0 [78])
2024-06-18 14:32:22,251 [Worker-13: Launching Executing install in D__Repositorios Espe_Pac_pac] INFO  o.eclipse.m2e.core.internal.Bundles - 	Entry: C:\Users\Geovanny\Downloads\sts-4.23.1.RELEASE\plugins\org.apache.commons.commons-codec_1.16.0.jar
2024-06-18 14:32:22,252 [Worker-13: Launching Executing install in D__Repositorios Espe_Pac_pac] INFO  o.eclipse.m2e.core.internal.Bundles - getClasspathEntries(Bundle=org.apache.commons.lang3_3.14.0 [82])
2024-06-18 14:32:22,252 [Worker-13: Launching Executing install in D__Repositorios Espe_Pac_pac] INFO  o.eclipse.m2e.core.internal.Bundles - 	Entry: C:\Users\Geovanny\Downloads\sts-4.23.1.RELEASE\plugins\org.apache.commons.lang3_3.14.0.jar
2024-06-18 14:32:22,252 [Worker-13: Launching Executing install in D__Repositorios Espe_Pac_pac] INFO  o.eclipse.m2e.core.internal.Bundles - getClasspathEntries(Bundle=com.google.guava.failureaccess_1.0.2 [30])
2024-06-18 14:32:22,252 [Worker-13: Launching Executing install in D__Repositorios Espe_Pac_pac] INFO  o.eclipse.m2e.core.internal.Bundles - 	Entry: C:\Users\Geovanny\Downloads\sts-4.23.1.RELEASE\plugins\com.google.guava.failureaccess_1.0.2.jar
2024-06-18 14:32:22,258 [Worker-13: Launching Executing install in D__Repositorios Espe_Pac_pac] INFO  o.e.m.i.launch.MavenLaunchDelegate - Run build in "D:\Repositorios Espe\Pac\pac":
2024-06-18 14:32:22,270 [Worker-13: Launching Executing install in D__Repositorios Espe_Pac_pac] INFO  o.e.m.i.launch.MavenLaunchDelegate -  mvn  -B -Dstyle.color=always install
2024-06-18 14:33:47,042 [Worker-13: Building] INFO  o.a.m.s.f.DefaultMavenResourcesFiltering - Copying 1 resource from src\main\resources to target\classes
2024-06-18 14:33:47,386 [Worker-13: Building] INFO  o.a.m.s.f.DefaultMavenResourcesFiltering - Copying 0 resource from src\main\resources to target\classes
2024-06-18 14:33:47,404 [Worker-13: Building] INFO  o.a.m.s.f.DefaultMavenResourcesFiltering - skip non existing resourceDirectory D:\Repositorios Espe\Pac\pac\src\test\resources
2024-06-18 14:34:41,652 [Worker-18: Building] INFO  o.a.m.s.f.DefaultMavenResourcesFiltering - Copying 1 resource from src\main\resources to target\classes
2024-06-18 14:34:41,678 [Worker-18: Building] INFO  o.a.m.s.f.DefaultMavenResourcesFiltering - Copying 0 resource from src\main\resources to target\classes
2024-06-18 14:34:41,683 [Worker-18: Building] INFO  o.a.m.s.f.DefaultMavenResourcesFiltering - skip non existing resourceDirectory D:\Repositorios Espe\Pac\pac\src\test\resources
2024-06-18 14:35:03,891 [Worker-18: Building] INFO  o.a.m.s.f.DefaultMavenResourcesFiltering - Copying 1 resource from src\main\resources to target\classes
2024-06-18 14:35:03,911 [Worker-18: Building] INFO  o.a.m.s.f.DefaultMavenResourcesFiltering - Copying 0 resource from src\main\resources to target\classes
2024-06-18 14:35:03,921 [Worker-18: Building] INFO  o.a.m.s.f.DefaultMavenResourcesFiltering - skip non existing resourceDirectory D:\Repositorios Espe\Pac\pac\src\test\resources
2024-06-18 14:35:17,436 [Worker-21: Building] INFO  o.a.m.s.f.DefaultMavenResourcesFiltering - Copying 1 resource from src\main\resources to target\classes
2024-06-18 14:35:17,455 [Worker-21: Building] INFO  o.a.m.s.f.DefaultMavenResourcesFiltering - Copying 0 resource from src\main\resources to target\classes
2024-06-18 14:35:17,460 [Worker-21: Building] INFO  o.a.m.s.f.DefaultMavenResourcesFiltering - skip non existing resourceDirectory D:\Repositorios Espe\Pac\pac\src\test\resources
2024-06-18 14:35:36,044 [Worker-21: Building] INFO  o.a.m.s.f.DefaultMavenResourcesFiltering - Copying 1 resource from src\main\resources to target\classes
2024-06-18 14:35:36,056 [Worker-21: Building] INFO  o.a.m.s.f.DefaultMavenResourcesFiltering - Copying 0 resource from src\main\resources to target\classes
2024-06-18 14:35:36,060 [Worker-21: Building] INFO  o.a.m.s.f.DefaultMavenResourcesFiltering - skip non existing resourceDirectory D:\Repositorios Espe\Pac\pac\src\test\resources
2024-06-18 14:35:57,939 [Worker-17: Building] INFO  o.a.m.s.f.DefaultMavenResourcesFiltering - Copying 1 resource from src\main\resources to target\classes
2024-06-18 14:35:57,951 [Worker-17: Building] INFO  o.a.m.s.f.DefaultMavenResourcesFiltering - Copying 0 resource from src\main\resources to target\classes
2024-06-18 14:35:57,959 [Worker-17: Building] INFO  o.a.m.s.f.DefaultMavenResourcesFiltering - skip non existing resourceDirectory D:\Repositorios Espe\Pac\pac\src\test\resources
2024-06-18 14:36:39,659 [Worker-16: Building] INFO  o.a.m.s.f.DefaultMavenResourcesFiltering - Copying 1 resource from src\main\resources to target\classes
2024-06-18 14:36:39,672 [Worker-16: Building] INFO  o.a.m.s.f.DefaultMavenResourcesFiltering - Copying 0 resource from src\main\resources to target\classes
2024-06-18 14:36:39,679 [Worker-16: Building] INFO  o.a.m.s.f.DefaultMavenResourcesFiltering - skip non existing resourceDirectory D:\Repositorios Espe\Pac\pac\src\test\resources
2024-06-18 14:36:48,313 [Worker-20: Building] INFO  o.a.m.s.f.DefaultMavenResourcesFiltering - Copying 1 resource from src\main\resources to target\classes
2024-06-18 14:36:48,323 [Worker-20: Building] INFO  o.a.m.s.f.DefaultMavenResourcesFiltering - Copying 0 resource from src\main\resources to target\classes
2024-06-18 14:36:48,331 [Worker-20: Building] INFO  o.a.m.s.f.DefaultMavenResourcesFiltering - skip non existing resourceDirectory D:\Repositorios Espe\Pac\pac\src\test\resources
2024-06-18 14:37:08,895 [Worker-19: Building] INFO  o.a.m.s.f.DefaultMavenResourcesFiltering - Copying 1 resource from src\main\resources to target\classes
2024-06-18 14:37:08,904 [Worker-19: Building] INFO  o.a.m.s.f.DefaultMavenResourcesFiltering - Copying 0 resource from src\main\resources to target\classes
2024-06-18 14:37:08,909 [Worker-19: Building] INFO  o.a.m.s.f.DefaultMavenResourcesFiltering - skip non existing resourceDirectory D:\Repositorios Espe\Pac\pac\src\test\resources
2024-06-18 14:37:52,733 [Worker-18: Building] INFO  o.a.m.s.f.DefaultMavenResourcesFiltering - Copying 1 resource from src\main\resources to target\classes
2024-06-18 14:37:52,745 [Worker-18: Building] INFO  o.a.m.s.f.DefaultMavenResourcesFiltering - Copying 0 resource from src\main\resources to target\classes
2024-06-18 14:37:52,750 [Worker-18: Building] INFO  o.a.m.s.f.DefaultMavenResourcesFiltering - skip non existing resourceDirectory D:\Repositorios Espe\Pac\pac\src\test\resources
2024-06-18 14:38:27,739 [Worker-18: Building] INFO  o.a.m.s.f.DefaultMavenResourcesFiltering - Copying 1 resource from src\main\resources to target\classes
2024-06-18 14:38:27,754 [Worker-18: Building] INFO  o.a.m.s.f.DefaultMavenResourcesFiltering - Copying 0 resource from src\main\resources to target\classes
2024-06-18 14:38:27,759 [Worker-18: Building] INFO  o.a.m.s.f.DefaultMavenResourcesFiltering - skip non existing resourceDirectory D:\Repositorios Espe\Pac\pac\src\test\resources
2024-06-18 14:39:23,323 [Worker-20: Building] INFO  o.a.m.s.f.DefaultMavenResourcesFiltering - Copying 1 resource from src\main\resources to target\classes
2024-06-18 14:39:23,335 [Worker-20: Building] INFO  o.a.m.s.f.DefaultMavenResourcesFiltering - Copying 0 resource from src\main\resources to target\classes
2024-06-18 14:39:23,339 [Worker-20: Building] INFO  o.a.m.s.f.DefaultMavenResourcesFiltering - skip non existing resourceDirectory D:\Repositorios Espe\Pac\pac\src\test\resources
2024-06-18 14:39:57,993 [Worker-18: Building] INFO  o.a.m.s.f.DefaultMavenResourcesFiltering - Copying 1 resource from src\main\resources to target\classes
2024-06-18 14:39:58,010 [Worker-18: Building] INFO  o.a.m.s.f.DefaultMavenResourcesFiltering - Copying 0 resource from src\main\resources to target\classes
2024-06-18 14:39:58,019 [Worker-18: Building] INFO  o.a.m.s.f.DefaultMavenResourcesFiltering - skip non existing resourceDirectory D:\Repositorios Espe\Pac\pac\src\test\resources
2024-06-18 14:40:20,629 [Worker-17: Building] INFO  o.a.m.s.f.DefaultMavenResourcesFiltering - Copying 1 resource from src\main\resources to target\classes
2024-06-18 14:40:20,638 [Worker-17: Building] INFO  o.a.m.s.f.DefaultMavenResourcesFiltering - Copying 0 resource from src\main\resources to target\classes
2024-06-18 14:40:20,641 [Worker-17: Building] INFO  o.a.m.s.f.DefaultMavenResourcesFiltering - skip non existing resourceDirectory D:\Repositorios Espe\Pac\pac\src\test\resources
2024-06-18 14:41:19,189 [Worker-16: Building] INFO  o.a.m.s.f.DefaultMavenResourcesFiltering - Copying 1 resource from src\main\resources to target\classes
2024-06-18 14:41:19,205 [Worker-16: Building] INFO  o.a.m.s.f.DefaultMavenResourcesFiltering - Copying 0 resource from src\main\resources to target\classes
2024-06-18 14:41:19,208 [Worker-16: Building] INFO  o.a.m.s.f.DefaultMavenResourcesFiltering - skip non existing resourceDirectory D:\Repositorios Espe\Pac\pac\src\test\resources
2024-06-18 14:44:10,443 [Worker-22: Building] INFO  o.a.m.s.f.DefaultMavenResourcesFiltering - Copying 1 resource from src\main\resources to target\classes
2024-06-18 14:44:10,478 [Worker-22: Building] INFO  o.a.m.s.f.DefaultMavenResourcesFiltering - Copying 0 resource from src\main\resources to target\classes
2024-06-18 14:44:10,484 [Worker-22: Building] INFO  o.a.m.s.f.DefaultMavenResourcesFiltering - skip non existing resourceDirectory D:\Repositorios Espe\Pac\pac\src\test\resources
2024-06-18 14:44:41,367 [Worker-17: Building] INFO  o.a.m.s.f.DefaultMavenResourcesFiltering - Copying 1 resource from src\main\resources to target\classes
2024-06-18 14:44:41,396 [Worker-17: Building] INFO  o.a.m.s.f.DefaultMavenResourcesFiltering - Copying 0 resource from src\main\resources to target\classes
2024-06-18 14:44:41,403 [Worker-17: Building] INFO  o.a.m.s.f.DefaultMavenResourcesFiltering - skip non existing resourceDirectory D:\Repositorios Espe\Pac\pac\src\test\resources
2024-06-18 14:44:54,216 [Worker-22: Building] INFO  o.a.m.s.f.DefaultMavenResourcesFiltering - Copying 1 resource from src\main\resources to target\classes
2024-06-18 14:44:54,247 [Worker-22: Building] INFO  o.a.m.s.f.DefaultMavenResourcesFiltering - Copying 0 resource from src\main\resources to target\classes
2024-06-18 14:44:54,256 [Worker-22: Building] INFO  o.a.m.s.f.DefaultMavenResourcesFiltering - skip non existing resourceDirectory D:\Repositorios Espe\Pac\pac\src\test\resources
2024-06-18 14:45:05,291 [Worker-21: Building] INFO  o.a.m.s.f.DefaultMavenResourcesFiltering - Copying 1 resource from src\main\resources to target\classes
2024-06-18 14:45:05,308 [Worker-21: Building] INFO  o.a.m.s.f.DefaultMavenResourcesFiltering - Copying 0 resource from src\main\resources to target\classes
2024-06-18 14:45:05,313 [Worker-21: Building] INFO  o.a.m.s.f.DefaultMavenResourcesFiltering - skip non existing resourceDirectory D:\Repositorios Espe\Pac\pac\src\test\resources
2024-06-18 14:45:18,520 [Worker-21: Building] INFO  o.a.m.s.f.DefaultMavenResourcesFiltering - Copying 1 resource from src\main\resources to target\classes
2024-06-18 14:45:18,549 [Worker-21: Building] INFO  o.a.m.s.f.DefaultMavenResourcesFiltering - Copying 0 resource from src\main\resources to target\classes
2024-06-18 14:45:18,559 [Worker-21: Building] INFO  o.a.m.s.f.DefaultMavenResourcesFiltering - skip non existing resourceDirectory D:\Repositorios Espe\Pac\pac\src\test\resources
2024-06-18 14:46:38,543 [Worker-26: Building] INFO  o.a.m.s.f.DefaultMavenResourcesFiltering - Copying 1 resource from src\main\resources to target\classes
2024-06-18 14:46:38,566 [Worker-26: Building] INFO  o.a.m.s.f.DefaultMavenResourcesFiltering - Copying 0 resource from src\main\resources to target\classes
2024-06-18 14:46:38,574 [Worker-26: Building] INFO  o.a.m.s.f.DefaultMavenResourcesFiltering - skip non existing resourceDirectory D:\Repositorios Espe\Pac\pac\src\test\resources
2024-06-18 14:46:48,733 [Worker-27: Building] INFO  o.a.m.s.f.DefaultMavenResourcesFiltering - Copying 1 resource from src\main\resources to target\classes
2024-06-18 14:46:48,749 [Worker-27: Building] INFO  o.a.m.s.f.DefaultMavenResourcesFiltering - Copying 0 resource from src\main\resources to target\classes
2024-06-18 14:46:48,752 [Worker-27: Building] INFO  o.a.m.s.f.DefaultMavenResourcesFiltering - skip non existing resourceDirectory D:\Repositorios Espe\Pac\pac\src\test\resources
2024-06-18 14:47:22,962 [Worker-23: Building] INFO  o.a.m.s.f.DefaultMavenResourcesFiltering - Copying 1 resource from src\main\resources to target\classes
2024-06-18 14:47:22,971 [Worker-23: Building] INFO  o.a.m.s.f.DefaultMavenResourcesFiltering - Copying 0 resource from src\main\resources to target\classes
2024-06-18 14:47:22,977 [Worker-23: Building] INFO  o.a.m.s.f.DefaultMavenResourcesFiltering - skip non existing resourceDirectory D:\Repositorios Espe\Pac\pac\src\test\resources
2024-06-18 14:48:24,734 [Worker-21: Building] INFO  o.a.m.s.f.DefaultMavenResourcesFiltering - Copying 1 resource from src\main\resources to target\classes
2024-06-18 14:48:24,739 [Worker-21: Building] INFO  o.a.m.s.f.DefaultMavenResourcesFiltering - Copying 0 resource from src\main\resources to target\classes
2024-06-18 14:48:24,742 [Worker-21: Building] INFO  o.a.m.s.f.DefaultMavenResourcesFiltering - skip non existing resourceDirectory D:\Repositorios Espe\Pac\pac\src\test\resources
2024-06-18 14:48:29,206 [Worker-22: Building] INFO  o.a.m.s.f.DefaultMavenResourcesFiltering - Copying 1 resource from src\main\resources to target\classes
2024-06-18 14:48:29,238 [Worker-22: Building] INFO  o.a.m.s.f.DefaultMavenResourcesFiltering - Copying 0 resource from src\main\resources to target\classes
2024-06-18 14:48:29,240 [Worker-22: Building] INFO  o.a.m.s.f.DefaultMavenResourcesFiltering - skip non existing resourceDirectory D:\Repositorios Espe\Pac\pac\src\test\resources
2024-06-18 14:48:48,712 [Worker-17: Building] INFO  o.a.m.s.f.DefaultMavenResourcesFiltering - Copying 1 resource from src\main\resources to target\classes
2024-06-18 14:48:48,746 [Worker-17: Building] INFO  o.a.m.s.f.DefaultMavenResourcesFiltering - Copying 0 resource from src\main\resources to target\classes
2024-06-18 14:48:48,750 [Worker-17: Building] INFO  o.a.m.s.f.DefaultMavenResourcesFiltering - skip non existing resourceDirectory D:\Repositorios Espe\Pac\pac\src\test\resources
2024-06-18 14:49:17,951 [Worker-27: Building] INFO  o.a.m.s.f.DefaultMavenResourcesFiltering - Copying 1 resource from src\main\resources to target\classes
2024-06-18 14:49:17,982 [Worker-27: Building] INFO  o.a.m.s.f.DefaultMavenResourcesFiltering - Copying 0 resource from src\main\resources to target\classes
2024-06-18 14:49:17,987 [Worker-27: Building] INFO  o.a.m.s.f.DefaultMavenResourcesFiltering - skip non existing resourceDirectory D:\Repositorios Espe\Pac\pac\src\test\resources
2024-06-18 14:49:47,346 [Worker-21: Building] INFO  o.a.m.s.f.DefaultMavenResourcesFiltering - Copying 1 resource from src\main\resources to target\classes
2024-06-18 14:49:47,351 [Worker-21: Building] INFO  o.a.m.s.f.DefaultMavenResourcesFiltering - Copying 0 resource from src\main\resources to target\classes
2024-06-18 14:49:47,358 [Worker-21: Building] INFO  o.a.m.s.f.DefaultMavenResourcesFiltering - skip non existing resourceDirectory D:\Repositorios Espe\Pac\pac\src\test\resources
2024-06-18 14:50:02,652 [Worker-27: Building] INFO  o.a.m.s.f.DefaultMavenResourcesFiltering - Copying 1 resource from src\main\resources to target\classes
2024-06-18 14:50:02,656 [Worker-27: Building] INFO  o.a.m.s.f.DefaultMavenResourcesFiltering - Copying 0 resource from src\main\resources to target\classes
2024-06-18 14:50:02,660 [Worker-27: Building] INFO  o.a.m.s.f.DefaultMavenResourcesFiltering - skip non existing resourceDirectory D:\Repositorios Espe\Pac\pac\src\test\resources
2024-06-18 14:50:41,613 [Worker-23: Building] INFO  o.a.m.s.f.DefaultMavenResourcesFiltering - Copying 1 resource from src\main\resources to target\classes
2024-06-18 14:50:41,685 [Worker-23: Building] INFO  o.a.m.s.f.DefaultMavenResourcesFiltering - Copying 0 resource from src\main\resources to target\classes
2024-06-18 14:50:41,690 [Worker-23: Building] INFO  o.a.m.s.f.DefaultMavenResourcesFiltering - skip non existing resourceDirectory D:\Repositorios Espe\Pac\pac\src\test\resources
2024-06-18 14:50:54,089 [Worker-27: Building] INFO  o.a.m.s.f.DefaultMavenResourcesFiltering - Copying 1 resource from src\main\resources to target\classes
2024-06-18 14:50:54,144 [Worker-27: Building] INFO  o.a.m.s.f.DefaultMavenResourcesFiltering - Copying 0 resource from src\main\resources to target\classes
2024-06-18 14:50:54,148 [Worker-27: Building] INFO  o.a.m.s.f.DefaultMavenResourcesFiltering - skip non existing resourceDirectory D:\Repositorios Espe\Pac\pac\src\test\resources
2024-06-18 14:51:31,051 [Worker-22: Building] INFO  o.a.m.s.f.DefaultMavenResourcesFiltering - Copying 1 resource from src\main\resources to target\classes
2024-06-18 14:51:31,075 [Worker-22: Building] INFO  o.a.m.s.f.DefaultMavenResourcesFiltering - Copying 0 resource from src\main\resources to target\classes
2024-06-18 14:51:31,079 [Worker-22: Building] INFO  o.a.m.s.f.DefaultMavenResourcesFiltering - skip non existing resourceDirectory D:\Repositorios Espe\Pac\pac\src\test\resources
2024-06-18 14:52:35,852 [Worker-22: Building] INFO  o.a.m.s.f.DefaultMavenResourcesFiltering - Copying 1 resource from src\main\resources to target\classes
2024-06-18 14:52:35,947 [Worker-22: Building] INFO  o.a.m.s.f.DefaultMavenResourcesFiltering - Copying 0 resource from src\main\resources to target\classes
2024-06-18 14:52:35,960 [Worker-22: Building] INFO  o.a.m.s.f.DefaultMavenResourcesFiltering - skip non existing resourceDirectory D:\Repositorios Espe\Pac\pac\src\test\resources
2024-06-18 14:53:20,852 [Worker-26: Building] INFO  o.a.m.s.f.DefaultMavenResourcesFiltering - Copying 1 resource from src\main\resources to target\classes
2024-06-18 14:53:20,891 [Worker-26: Building] INFO  o.a.m.s.f.DefaultMavenResourcesFiltering - Copying 0 resource from src\main\resources to target\classes
2024-06-18 14:53:20,898 [Worker-26: Building] INFO  o.a.m.s.f.DefaultMavenResourcesFiltering - skip non existing resourceDirectory D:\Repositorios Espe\Pac\pac\src\test\resources
2024-06-18 14:53:37,922 [Worker-26: Building] INFO  o.a.m.s.f.DefaultMavenResourcesFiltering - Copying 1 resource from src\main\resources to target\classes
2024-06-18 14:53:37,939 [Worker-26: Building] INFO  o.a.m.s.f.DefaultMavenResourcesFiltering - Copying 0 resource from src\main\resources to target\classes
2024-06-18 14:53:37,943 [Worker-26: Building] INFO  o.a.m.s.f.DefaultMavenResourcesFiltering - skip non existing resourceDirectory D:\Repositorios Espe\Pac\pac\src\test\resources
2024-06-18 14:55:29,316 [Worker-27: Building] INFO  o.a.m.s.f.DefaultMavenResourcesFiltering - Copying 1 resource from src\main\resources to target\classes
2024-06-18 14:55:29,348 [Worker-27: Building] INFO  o.a.m.s.f.DefaultMavenResourcesFiltering - Copying 0 resource from src\main\resources to target\classes
2024-06-18 14:55:29,355 [Worker-27: Building] INFO  o.a.m.s.f.DefaultMavenResourcesFiltering - skip non existing resourceDirectory D:\Repositorios Espe\Pac\pac\src\test\resources
2024-06-18 14:55:38,740 [Worker-17: Building] INFO  o.a.m.s.f.DefaultMavenResourcesFiltering - Copying 1 resource from src\main\resources to target\classes
2024-06-18 14:55:38,763 [Worker-17: Building] INFO  o.a.m.s.f.DefaultMavenResourcesFiltering - Copying 0 resource from src\main\resources to target\classes
2024-06-18 14:55:38,765 [Worker-17: Building] INFO  o.a.m.s.f.DefaultMavenResourcesFiltering - skip non existing resourceDirectory D:\Repositorios Espe\Pac\pac\src\test\resources
2024-06-18 14:57:37,682 [Worker-21: Building] INFO  o.a.m.s.f.DefaultMavenResourcesFiltering - Copying 1 resource from src\main\resources to target\classes
2024-06-18 14:57:37,788 [Worker-21: Building] INFO  o.a.m.s.f.DefaultMavenResourcesFiltering - Copying 0 resource from src\main\resources to target\classes
2024-06-18 14:57:37,797 [Worker-21: Building] INFO  o.a.m.s.f.DefaultMavenResourcesFiltering - skip non existing resourceDirectory D:\Repositorios Espe\Pac\pac\src\test\resources
2024-06-18 14:57:55,488 [Worker-24: Building] INFO  o.a.m.s.f.DefaultMavenResourcesFiltering - Copying 1 resource from src\main\resources to target\classes
2024-06-18 14:57:55,614 [Worker-24: Building] INFO  o.a.m.s.f.DefaultMavenResourcesFiltering - Copying 0 resource from src\main\resources to target\classes
2024-06-18 14:57:55,620 [Worker-24: Building] INFO  o.a.m.s.f.DefaultMavenResourcesFiltering - skip non existing resourceDirectory D:\Repositorios Espe\Pac\pac\src\test\resources
2024-06-18 14:58:24,557 [Worker-22: Building] INFO  o.a.m.s.f.DefaultMavenResourcesFiltering - Copying 1 resource from src\main\resources to target\classes
2024-06-18 14:58:24,703 [Worker-22: Building] INFO  o.a.m.s.f.DefaultMavenResourcesFiltering - Copying 0 resource from src\main\resources to target\classes
2024-06-18 14:58:24,720 [Worker-22: Building] INFO  o.a.m.s.f.DefaultMavenResourcesFiltering - skip non existing resourceDirectory D:\Repositorios Espe\Pac\pac\src\test\resources
2024-06-18 14:58:43,522 [Worker-27: Building] INFO  o.a.m.s.f.DefaultMavenResourcesFiltering - Copying 1 resource from src\main\resources to target\classes
2024-06-18 14:58:43,556 [Worker-27: Building] INFO  o.a.m.s.f.DefaultMavenResourcesFiltering - Copying 0 resource from src\main\resources to target\classes
2024-06-18 14:58:43,560 [Worker-27: Building] INFO  o.a.m.s.f.DefaultMavenResourcesFiltering - skip non existing resourceDirectory D:\Repositorios Espe\Pac\pac\src\test\resources
